app/build/intermediates/manifest_merge_blame_file/debug/manifest-merger-blame-debug-report.txt
1<?xml version="1.0" encoding="utf-8"?>
2<manifest xmlns:android="http://schemas.android.com/apk/res/android"
3    package="com.animation.helper"
4    android:versionCode="1"
5    android:versionName="1.0" >
6
7    <uses-sdk
8        android:minSdkVersion="21"
8-->src\main\AndroidManifest.xml
9        android:targetSdkVersion="33" />
9-->src\main\AndroidManifest.xml
10
11    <uses-permission android:name="android.permission.INTERNET" />
11-->src\main\AndroidManifest.xml:6:5-67
11-->src\main\AndroidManifest.xml:6:22-64
12    <uses-permission android:name="android.permission.ACCESS_NETWORK_STATE" />
12-->src\main\AndroidManifest.xml:7:5-79
12-->src\main\AndroidManifest.xml:7:22-76
13    <uses-permission android:name="android.permission.ACCESS_WIFI_STATE" />
13-->src\main\AndroidManifest.xml:8:5-76
13-->src\main\AndroidManifest.xml:8:22-73
14    <uses-permission android:name="android.permission.CHANGE_WIFI_STATE" />
14-->src\main\AndroidManifest.xml:9:5-76
14-->src\main\AndroidManifest.xml:9:22-73
15    <uses-permission android:name="com.google.android.gms.permission.AD_ID" />
15-->[:mylibrarys] AndroidManifest.xml:13:5-79
15-->[:mylibrarys] AndroidManifest.xml:13:22-76
16
17    <queries>
17-->[com.facebook.android:audience-network-sdk:6.11.0] AndroidManifest.xml:11:5-13:15
18        <package android:name="com.facebook.katana" />
18-->[com.facebook.android:audience-network-sdk:6.11.0] AndroidManifest.xml:12:9-55
18-->[com.facebook.android:audience-network-sdk:6.11.0] AndroidManifest.xml:12:18-52
19        <!-- For browser content -->
20        <intent>
20-->[com.google.android.gms:play-services-ads-lite:21.3.0] AndroidManifest.xml:31:9-37:18
21            <action android:name="android.intent.action.VIEW" />
21-->[com.google.android.gms:play-services-ads-lite:21.3.0] AndroidManifest.xml:32:13-65
21-->[com.google.android.gms:play-services-ads-lite:21.3.0] AndroidManifest.xml:32:21-62
22
23            <category android:name="android.intent.category.BROWSABLE" />
23-->[com.google.android.gms:play-services-ads-lite:21.3.0] AndroidManifest.xml:34:13-74
23-->[com.google.android.gms:play-services-ads-lite:21.3.0] AndroidManifest.xml:34:23-71
24
25            <data android:scheme="https" />
25-->[com.google.android.gms:play-services-ads-lite:21.3.0] AndroidManifest.xml:36:13-44
25-->[com.google.android.gms:play-services-ads-lite:21.3.0] AndroidManifest.xml:36:19-41
26        </intent> <!-- End of browser content -->
27        <!-- For CustomTabsService -->
28        <intent>
28-->[com.google.android.gms:play-services-ads-lite:21.3.0] AndroidManifest.xml:40:9-42:18
29            <action android:name="android.support.customtabs.action.CustomTabsService" />
29-->[com.google.android.gms:play-services-ads-lite:21.3.0] AndroidManifest.xml:41:13-90
29-->[com.google.android.gms:play-services-ads-lite:21.3.0] AndroidManifest.xml:41:21-87
30        </intent>
31        <intent>
31-->[com.applovin:applovin-sdk:11.8.2] AndroidManifest.xml:12:9-14:18
32            <action android:name="com.applovin.am.intent.action.APPHUB_SERVICE" />
32-->[com.applovin:applovin-sdk:11.8.2] AndroidManifest.xml:13:13-83
32-->[com.applovin:applovin-sdk:11.8.2] AndroidManifest.xml:13:21-80
33        </intent>
34    </queries>
35
36    <uses-permission android:name="android.permission.WAKE_LOCK" />
36-->[com.google.android.gms:play-services-measurement-sdk-api:20.1.2] AndroidManifest.xml:25:5-68
36-->[com.google.android.gms:play-services-measurement-sdk-api:20.1.2] AndroidManifest.xml:25:22-65
37    <uses-permission android:name="android.permission.RECEIVE_BOOT_COMPLETED" />
37-->[androidx.work:work-runtime:2.8.0-alpha02] AndroidManifest.xml:27:5-81
37-->[androidx.work:work-runtime:2.8.0-alpha02] AndroidManifest.xml:27:22-78
38    <uses-permission android:name="android.permission.FOREGROUND_SERVICE" />
38-->[androidx.work:work-runtime:2.8.0-alpha02] AndroidManifest.xml:28:5-77
38-->[androidx.work:work-runtime:2.8.0-alpha02] AndroidManifest.xml:28:22-74
39    <uses-permission android:name="com.applovin.array.apphub.permission.BIND_APPHUB_SERVICE" />
39-->[com.applovin:applovin-sdk:11.8.2] AndroidManifest.xml:20:5-96
39-->[com.applovin:applovin-sdk:11.8.2] AndroidManifest.xml:20:22-93
40
41    <application
41-->src\main\AndroidManifest.xml:11:5-41:19
42        android:name="com.appwood.mylibrarys.MyProHelperClass"
42-->src\main\AndroidManifest.xml:12:9-63
43        android:allowBackup="true"
43-->src\main\AndroidManifest.xml:13:9-35
44        android:appComponentFactory="androidx.core.app.CoreComponentFactory"
44-->[androidx.core:core:1.8.0] AndroidManifest.xml:24:18-86
45        android:dataExtractionRules="@xml/data_extraction_rules"
45-->src\main\AndroidManifest.xml:14:9-65
46        android:debuggable="true"
47        android:fullBackupContent="@xml/backup_rules"
47-->src\main\AndroidManifest.xml:15:9-54
48        android:hardwareAccelerated="true"
48-->src\main\AndroidManifest.xml:18:9-43
49        android:icon="@mipmap/ic_launcher"
49-->src\main\AndroidManifest.xml:16:9-43
50        android:label="@string/app_name"
50-->src\main\AndroidManifest.xml:17:9-41
51        android:roundIcon="@mipmap/ic_launcher_round"
51-->src\main\AndroidManifest.xml:20:9-54
52        android:supportsRtl="true"
52-->src\main\AndroidManifest.xml:21:9-35
53        android:testOnly="true"
54        android:theme="@style/Theme.RAD"
54-->src\main\AndroidManifest.xml:22:9-41
55        android:usesCleartextTraffic="true" >
55-->src\main\AndroidManifest.xml:19:9-44
56        <activity
56-->src\main\AndroidManifest.xml:24:9-26:40
57            android:name="animation.almonten.koola.TestingActivity"
57-->src\main\AndroidManifest.xml:25:13-44
58            android:exported="false" />
58-->src\main\AndroidManifest.xml:26:13-37
59        <activity
59-->src\main\AndroidManifest.xml:27:9-29:40
60            android:name="animation.almonten.koola.MainActivity"
60-->src\main\AndroidManifest.xml:28:13-41
61            android:exported="false" />
61-->src\main\AndroidManifest.xml:29:13-37
62        <activity
62-->src\main\AndroidManifest.xml:30:9-32:40
63            android:name="animation.almonten.koola.AdsCode.ExitScreen"
63-->src\main\AndroidManifest.xml:31:13-47
64            android:exported="false" />
64-->src\main\AndroidManifest.xml:32:13-37
65        <activity
65-->src\main\AndroidManifest.xml:33:9-40:20
66            android:name="animation.almonten.koola.AdsCode.SplashActivity"
66-->src\main\AndroidManifest.xml:34:13-51
67            android:exported="true" >
67-->src\main\AndroidManifest.xml:35:13-36
68            <intent-filter>
68-->src\main\AndroidManifest.xml:36:13-39:29
69                <action android:name="android.intent.action.MAIN" />
69-->src\main\AndroidManifest.xml:37:17-69
69-->src\main\AndroidManifest.xml:37:25-66
70
71                <category android:name="android.intent.category.LAUNCHER" />
71-->src\main\AndroidManifest.xml:38:17-77
71-->src\main\AndroidManifest.xml:38:27-74
72            </intent-filter>
73        </activity>
74        <activity android:name="com.appwood.mylibrarys.UpdateAppActivity" />
74-->[:mylibrarys] AndroidManifest.xml:16:9-77
74-->[:mylibrarys] AndroidManifest.xml:16:19-74
75        <activity android:name="com.appwood.mylibrarys.Splash" />
75-->[:mylibrarys] AndroidManifest.xml:17:9-66
75-->[:mylibrarys] AndroidManifest.xml:17:19-63
76        <activity android:name="com.appwood.mylibrarys.CustomAdsActivity" />
76-->[:mylibrarys] AndroidManifest.xml:18:9-77
76-->[:mylibrarys] AndroidManifest.xml:18:19-74
77
78        <meta-data
78-->[:mylibrarys] AndroidManifest.xml:20:9-22:36
79            android:name="com.google.android.gms.ads.AD_MANAGER_APP"
79-->[:mylibrarys] AndroidManifest.xml:21:13-69
80            android:value="true" />
80-->[:mylibrarys] AndroidManifest.xml:22:13-33
81        <meta-data
81-->[:mylibrarys] AndroidManifest.xml:23:9-25:118
82            android:name="applovin.sdk.key"
82-->[:mylibrarys] AndroidManifest.xml:24:13-44
83            android:value="VvMHQ8qTbnOUx1SS7gTV2dloZMX_RremcudgIVezo_tO0TSDTLUUkG5malJ63camEvhEOrnyLgkJm2gSniHLr2" />
83-->[:mylibrarys] AndroidManifest.xml:25:13-115
84        <meta-data
84-->[:mylibrarys] AndroidManifest.xml:26:9-28:36
85            android:name="applovin.sdk.verbose_logging"
85-->[:mylibrarys] AndroidManifest.xml:27:13-56
86            android:value="true" />
86-->[:mylibrarys] AndroidManifest.xml:28:13-33
87
88        <activity
88-->[com.facebook.android:audience-network-sdk:6.11.0] AndroidManifest.xml:19:9-23:75
89            android:name="com.facebook.ads.AudienceNetworkActivity"
89-->[com.facebook.android:audience-network-sdk:6.11.0] AndroidManifest.xml:20:13-68
90            android:configChanges="keyboardHidden|orientation|screenSize"
90-->[com.facebook.android:audience-network-sdk:6.11.0] AndroidManifest.xml:21:13-74
91            android:exported="false"
91-->[com.facebook.android:audience-network-sdk:6.11.0] AndroidManifest.xml:22:13-37
92            android:theme="@android:style/Theme.Translucent.NoTitleBar" />
92-->[com.facebook.android:audience-network-sdk:6.11.0] AndroidManifest.xml:23:13-72
93
94        <provider
94-->[com.facebook.android:audience-network-sdk:6.11.0] AndroidManifest.xml:25:9-28:40
95            android:name="com.facebook.ads.AudienceNetworkContentProvider"
95-->[com.facebook.android:audience-network-sdk:6.11.0] AndroidManifest.xml:26:13-75
96            android:authorities="com.animation.helper.AudienceNetworkContentProvider"
96-->[com.facebook.android:audience-network-sdk:6.11.0] AndroidManifest.xml:27:13-82
97            android:exported="false" /> <!-- Include the AdActivity and InAppPurchaseActivity configChanges and themes. -->
97-->[com.facebook.android:audience-network-sdk:6.11.0] AndroidManifest.xml:28:13-37
98        <activity
98-->[com.google.android.gms:play-services-ads-lite:21.3.0] AndroidManifest.xml:49:9-53:64
99            android:name="com.google.android.gms.ads.AdActivity"
99-->[com.google.android.gms:play-services-ads-lite:21.3.0] AndroidManifest.xml:50:13-65
100            android:configChanges="keyboard|keyboardHidden|orientation|screenLayout|uiMode|screenSize|smallestScreenSize"
100-->[com.google.android.gms:play-services-ads-lite:21.3.0] AndroidManifest.xml:51:13-122
101            android:exported="false"
101-->[com.google.android.gms:play-services-ads-lite:21.3.0] AndroidManifest.xml:52:13-37
102            android:theme="@android:style/Theme.Translucent" />
102-->[com.google.android.gms:play-services-ads-lite:21.3.0] AndroidManifest.xml:53:13-61
103
104        <provider
104-->[com.google.android.gms:play-services-ads-lite:21.3.0] AndroidManifest.xml:55:9-59:39
105            android:name="com.google.android.gms.ads.MobileAdsInitProvider"
105-->[com.google.android.gms:play-services-ads-lite:21.3.0] AndroidManifest.xml:56:13-76
106            android:authorities="com.animation.helper.mobileadsinitprovider"
106-->[com.google.android.gms:play-services-ads-lite:21.3.0] AndroidManifest.xml:57:13-73
107            android:exported="false"
107-->[com.google.android.gms:play-services-ads-lite:21.3.0] AndroidManifest.xml:58:13-37
108            android:initOrder="100" />
108-->[com.google.android.gms:play-services-ads-lite:21.3.0] AndroidManifest.xml:59:13-36
109
110        <service
110-->[com.google.android.gms:play-services-ads-lite:21.3.0] AndroidManifest.xml:61:9-64:40
111            android:name="com.google.android.gms.ads.AdService"
111-->[com.google.android.gms:play-services-ads-lite:21.3.0] AndroidManifest.xml:62:13-64
112            android:enabled="true"
112-->[com.google.android.gms:play-services-ads-lite:21.3.0] AndroidManifest.xml:63:13-35
113            android:exported="false" />
113-->[com.google.android.gms:play-services-ads-lite:21.3.0] AndroidManifest.xml:64:13-37
114
115        <activity
115-->[com.google.android.gms:play-services-base:18.0.0] AndroidManifest.xml:20:9-22:45
116            android:name="com.google.android.gms.common.api.GoogleApiActivity"
116-->[com.google.android.gms:play-services-base:18.0.0] AndroidManifest.xml:20:19-85
117            android:exported="false"
117-->[com.google.android.gms:play-services-base:18.0.0] AndroidManifest.xml:22:19-43
118            android:theme="@android:style/Theme.Translucent.NoTitleBar" />
118-->[com.google.android.gms:play-services-base:18.0.0] AndroidManifest.xml:21:19-78
119
120        <meta-data
120-->[com.google.android.gms:play-services-basement:18.0.0] AndroidManifest.xml:21:9-23:69
121            android:name="com.google.android.gms.version"
121-->[com.google.android.gms:play-services-basement:18.0.0] AndroidManifest.xml:22:13-58
122            android:value="@integer/google_play_services_version" />
122-->[com.google.android.gms:play-services-basement:18.0.0] AndroidManifest.xml:23:13-66
123
124        <provider
124-->[androidx.emoji2:emoji2:1.2.0] AndroidManifest.xml:24:9-32:20
125            android:name="androidx.startup.InitializationProvider"
125-->[androidx.emoji2:emoji2:1.2.0] AndroidManifest.xml:25:13-67
126            android:authorities="com.animation.helper.androidx-startup"
126-->[androidx.emoji2:emoji2:1.2.0] AndroidManifest.xml:26:13-68
127            android:exported="false" >
127-->[androidx.emoji2:emoji2:1.2.0] AndroidManifest.xml:27:13-37
128            <meta-data
128-->[androidx.emoji2:emoji2:1.2.0] AndroidManifest.xml:29:13-31:52
129                android:name="androidx.emoji2.text.EmojiCompatInitializer"
129-->[androidx.emoji2:emoji2:1.2.0] AndroidManifest.xml:30:17-75
130                android:value="androidx.startup" />
130-->[androidx.emoji2:emoji2:1.2.0] AndroidManifest.xml:31:17-49
131            <meta-data
131-->[androidx.work:work-runtime:2.8.0-alpha02] AndroidManifest.xml:36:13-38:52
132                android:name="androidx.work.WorkManagerInitializer"
132-->[androidx.work:work-runtime:2.8.0-alpha02] AndroidManifest.xml:37:17-68
133                android:value="androidx.startup" />
133-->[androidx.work:work-runtime:2.8.0-alpha02] AndroidManifest.xml:38:17-49
134            <meta-data
134-->[androidx.lifecycle:lifecycle-process:2.4.1] AndroidManifest.xml:31:13-33:52
135                android:name="androidx.lifecycle.ProcessLifecycleInitializer"
135-->[androidx.lifecycle:lifecycle-process:2.4.1] AndroidManifest.xml:32:17-78
136                android:value="androidx.startup" />
136-->[androidx.lifecycle:lifecycle-process:2.4.1] AndroidManifest.xml:33:17-49
137        </provider>
138
139        <service
139-->[androidx.work:work-runtime:2.8.0-alpha02] AndroidManifest.xml:41:9-47:35
140            android:name="androidx.work.impl.background.systemalarm.SystemAlarmService"
140-->[androidx.work:work-runtime:2.8.0-alpha02] AndroidManifest.xml:42:13-88
141            android:directBootAware="false"
141-->[androidx.work:work-runtime:2.8.0-alpha02] AndroidManifest.xml:43:13-44
142            android:enabled="@bool/enable_system_alarm_service_default"
142-->[androidx.work:work-runtime:2.8.0-alpha02] AndroidManifest.xml:44:13-72
143            android:exported="false" />
143-->[androidx.work:work-runtime:2.8.0-alpha02] AndroidManifest.xml:45:13-37
144        <service
144-->[androidx.work:work-runtime:2.8.0-alpha02] AndroidManifest.xml:48:9-54:35
145            android:name="androidx.work.impl.background.systemjob.SystemJobService"
145-->[androidx.work:work-runtime:2.8.0-alpha02] AndroidManifest.xml:49:13-84
146            android:directBootAware="false"
146-->[androidx.work:work-runtime:2.8.0-alpha02] AndroidManifest.xml:50:13-44
147            android:enabled="@bool/enable_system_job_service_default"
147-->[androidx.work:work-runtime:2.8.0-alpha02] AndroidManifest.xml:51:13-70
148            android:exported="true"
148-->[androidx.work:work-runtime:2.8.0-alpha02] AndroidManifest.xml:52:13-36
149            android:permission="android.permission.BIND_JOB_SERVICE" />
149-->[androidx.work:work-runtime:2.8.0-alpha02] AndroidManifest.xml:53:13-69
150        <service
150-->[androidx.work:work-runtime:2.8.0-alpha02] AndroidManifest.xml:55:9-61:35
151            android:name="androidx.work.impl.foreground.SystemForegroundService"
151-->[androidx.work:work-runtime:2.8.0-alpha02] AndroidManifest.xml:56:13-81
152            android:directBootAware="false"
152-->[androidx.work:work-runtime:2.8.0-alpha02] AndroidManifest.xml:57:13-44
153            android:enabled="@bool/enable_system_foreground_service_default"
153-->[androidx.work:work-runtime:2.8.0-alpha02] AndroidManifest.xml:58:13-77
154            android:exported="false" />
154-->[androidx.work:work-runtime:2.8.0-alpha02] AndroidManifest.xml:59:13-37
155
156        <receiver
156-->[androidx.work:work-runtime:2.8.0-alpha02] AndroidManifest.xml:63:9-68:35
157            android:name="androidx.work.impl.utils.ForceStopRunnable$BroadcastReceiver"
157-->[androidx.work:work-runtime:2.8.0-alpha02] AndroidManifest.xml:64:13-88
158            android:directBootAware="false"
158-->[androidx.work:work-runtime:2.8.0-alpha02] AndroidManifest.xml:65:13-44
159            android:enabled="true"
159-->[androidx.work:work-runtime:2.8.0-alpha02] AndroidManifest.xml:66:13-35
160            android:exported="false" />
160-->[androidx.work:work-runtime:2.8.0-alpha02] AndroidManifest.xml:67:13-37
161        <receiver
161-->[androidx.work:work-runtime:2.8.0-alpha02] AndroidManifest.xml:69:9-79:20
162            android:name="androidx.work.impl.background.systemalarm.ConstraintProxy$BatteryChargingProxy"
162-->[androidx.work:work-runtime:2.8.0-alpha02] AndroidManifest.xml:70:13-106
163            android:directBootAware="false"
163-->[androidx.work:work-runtime:2.8.0-alpha02] AndroidManifest.xml:71:13-44
164            android:enabled="false"
164-->[androidx.work:work-runtime:2.8.0-alpha02] AndroidManifest.xml:72:13-36
165            android:exported="false" >
165-->[androidx.work:work-runtime:2.8.0-alpha02] AndroidManifest.xml:73:13-37
166            <intent-filter>
166-->[androidx.work:work-runtime:2.8.0-alpha02] AndroidManifest.xml:75:13-78:29
167                <action android:name="android.intent.action.ACTION_POWER_CONNECTED" />
167-->[androidx.work:work-runtime:2.8.0-alpha02] AndroidManifest.xml:76:17-87
167-->[androidx.work:work-runtime:2.8.0-alpha02] AndroidManifest.xml:76:25-84
168                <action android:name="android.intent.action.ACTION_POWER_DISCONNECTED" />
168-->[androidx.work:work-runtime:2.8.0-alpha02] AndroidManifest.xml:77:17-90
168-->[androidx.work:work-runtime:2.8.0-alpha02] AndroidManifest.xml:77:25-87
169            </intent-filter>
170        </receiver>
171        <receiver
171-->[androidx.work:work-runtime:2.8.0-alpha02] AndroidManifest.xml:80:9-90:20
172            android:name="androidx.work.impl.background.systemalarm.ConstraintProxy$BatteryNotLowProxy"
172-->[androidx.work:work-runtime:2.8.0-alpha02] AndroidManifest.xml:81:13-104
173            android:directBootAware="false"
173-->[androidx.work:work-runtime:2.8.0-alpha02] AndroidManifest.xml:82:13-44
174            android:enabled="false"
174-->[androidx.work:work-runtime:2.8.0-alpha02] AndroidManifest.xml:83:13-36
175            android:exported="false" >
175-->[androidx.work:work-runtime:2.8.0-alpha02] AndroidManifest.xml:84:13-37
176            <intent-filter>
176-->[androidx.work:work-runtime:2.8.0-alpha02] AndroidManifest.xml:86:13-89:29
177                <action android:name="android.intent.action.BATTERY_OKAY" />
177-->[androidx.work:work-runtime:2.8.0-alpha02] AndroidManifest.xml:87:17-77
177-->[androidx.work:work-runtime:2.8.0-alpha02] AndroidManifest.xml:87:25-74
178                <action android:name="android.intent.action.BATTERY_LOW" />
178-->[androidx.work:work-runtime:2.8.0-alpha02] AndroidManifest.xml:88:17-76
178-->[androidx.work:work-runtime:2.8.0-alpha02] AndroidManifest.xml:88:25-73
179            </intent-filter>
180        </receiver>
181        <receiver
181-->[androidx.work:work-runtime:2.8.0-alpha02] AndroidManifest.xml:91:9-101:20
182            android:name="androidx.work.impl.background.systemalarm.ConstraintProxy$StorageNotLowProxy"
182-->[androidx.work:work-runtime:2.8.0-alpha02] AndroidManifest.xml:92:13-104
183            android:directBootAware="false"
183-->[androidx.work:work-runtime:2.8.0-alpha02] AndroidManifest.xml:93:13-44
184            android:enabled="false"
184-->[androidx.work:work-runtime:2.8.0-alpha02] AndroidManifest.xml:94:13-36
185            android:exported="false" >
185-->[androidx.work:work-runtime:2.8.0-alpha02] AndroidManifest.xml:95:13-37
186            <intent-filter>
186-->[androidx.work:work-runtime:2.8.0-alpha02] AndroidManifest.xml:97:13-100:29
187                <action android:name="android.intent.action.DEVICE_STORAGE_LOW" />
187-->[androidx.work:work-runtime:2.8.0-alpha02] AndroidManifest.xml:98:17-83
187-->[androidx.work:work-runtime:2.8.0-alpha02] AndroidManifest.xml:98:25-80
188                <action android:name="android.intent.action.DEVICE_STORAGE_OK" />
188-->[androidx.work:work-runtime:2.8.0-alpha02] AndroidManifest.xml:99:17-82
188-->[androidx.work:work-runtime:2.8.0-alpha02] AndroidManifest.xml:99:25-79
189            </intent-filter>
190        </receiver>
191        <receiver
191-->[androidx.work:work-runtime:2.8.0-alpha02] AndroidManifest.xml:102:9-111:20
192            android:name="androidx.work.impl.background.systemalarm.ConstraintProxy$NetworkStateProxy"
192-->[androidx.work:work-runtime:2.8.0-alpha02] AndroidManifest.xml:103:13-103
193            android:directBootAware="false"
193-->[androidx.work:work-runtime:2.8.0-alpha02] AndroidManifest.xml:104:13-44
194            android:enabled="false"
194-->[androidx.work:work-runtime:2.8.0-alpha02] AndroidManifest.xml:105:13-36
195            android:exported="false" >
195-->[androidx.work:work-runtime:2.8.0-alpha02] AndroidManifest.xml:106:13-37
196            <intent-filter>
196-->[androidx.work:work-runtime:2.8.0-alpha02] AndroidManifest.xml:108:13-110:29
197                <action android:name="android.net.conn.CONNECTIVITY_CHANGE" />
197-->[androidx.work:work-runtime:2.8.0-alpha02] AndroidManifest.xml:109:17-79
197-->[androidx.work:work-runtime:2.8.0-alpha02] AndroidManifest.xml:109:25-76
198            </intent-filter>
199        </receiver>
200        <receiver
200-->[androidx.work:work-runtime:2.8.0-alpha02] AndroidManifest.xml:112:9-123:20
201            android:name="androidx.work.impl.background.systemalarm.RescheduleReceiver"
201-->[androidx.work:work-runtime:2.8.0-alpha02] AndroidManifest.xml:113:13-88
202            android:directBootAware="false"
202-->[androidx.work:work-runtime:2.8.0-alpha02] AndroidManifest.xml:114:13-44
203            android:enabled="false"
203-->[androidx.work:work-runtime:2.8.0-alpha02] AndroidManifest.xml:115:13-36
204            android:exported="false" >
204-->[androidx.work:work-runtime:2.8.0-alpha02] AndroidManifest.xml:116:13-37
205            <intent-filter>
205-->[androidx.work:work-runtime:2.8.0-alpha02] AndroidManifest.xml:118:13-122:29
206                <action android:name="android.intent.action.BOOT_COMPLETED" />
206-->[androidx.work:work-runtime:2.8.0-alpha02] AndroidManifest.xml:119:17-79
206-->[androidx.work:work-runtime:2.8.0-alpha02] AndroidManifest.xml:119:25-76
207                <action android:name="android.intent.action.TIME_SET" />
207-->[androidx.work:work-runtime:2.8.0-alpha02] AndroidManifest.xml:120:17-73
207-->[androidx.work:work-runtime:2.8.0-alpha02] AndroidManifest.xml:120:25-70
208                <action android:name="android.intent.action.TIMEZONE_CHANGED" />
208-->[androidx.work:work-runtime:2.8.0-alpha02] AndroidManifest.xml:121:17-81
208-->[androidx.work:work-runtime:2.8.0-alpha02] AndroidManifest.xml:121:25-78
209            </intent-filter>
210        </receiver>
211        <receiver
211-->[androidx.work:work-runtime:2.8.0-alpha02] AndroidManifest.xml:124:9-133:20
212            android:name="androidx.work.impl.background.systemalarm.ConstraintProxyUpdateReceiver"
212-->[androidx.work:work-runtime:2.8.0-alpha02] AndroidManifest.xml:125:13-99
213            android:directBootAware="false"
213-->[androidx.work:work-runtime:2.8.0-alpha02] AndroidManifest.xml:126:13-44
214            android:enabled="@bool/enable_system_alarm_service_default"
214-->[androidx.work:work-runtime:2.8.0-alpha02] AndroidManifest.xml:127:13-72
215            android:exported="false" >
215-->[androidx.work:work-runtime:2.8.0-alpha02] AndroidManifest.xml:128:13-37
216            <intent-filter>
216-->[androidx.work:work-runtime:2.8.0-alpha02] AndroidManifest.xml:130:13-132:29
217                <action android:name="androidx.work.impl.background.systemalarm.UpdateProxies" />
217-->[androidx.work:work-runtime:2.8.0-alpha02] AndroidManifest.xml:131:17-98
217-->[androidx.work:work-runtime:2.8.0-alpha02] AndroidManifest.xml:131:25-95
218            </intent-filter>
219        </receiver>
220        <receiver
220-->[androidx.work:work-runtime:2.8.0-alpha02] AndroidManifest.xml:134:9-144:20
221            android:name="androidx.work.impl.diagnostics.DiagnosticsReceiver"
221-->[androidx.work:work-runtime:2.8.0-alpha02] AndroidManifest.xml:135:13-78
222            android:directBootAware="false"
222-->[androidx.work:work-runtime:2.8.0-alpha02] AndroidManifest.xml:136:13-44
223            android:enabled="true"
223-->[androidx.work:work-runtime:2.8.0-alpha02] AndroidManifest.xml:137:13-35
224            android:exported="true"
224-->[androidx.work:work-runtime:2.8.0-alpha02] AndroidManifest.xml:138:13-36
225            android:permission="android.permission.DUMP" >
225-->[androidx.work:work-runtime:2.8.0-alpha02] AndroidManifest.xml:139:13-57
226            <intent-filter>
226-->[androidx.work:work-runtime:2.8.0-alpha02] AndroidManifest.xml:141:13-143:29
227                <action android:name="androidx.work.diagnostics.REQUEST_DIAGNOSTICS" />
227-->[androidx.work:work-runtime:2.8.0-alpha02] AndroidManifest.xml:142:17-88
227-->[androidx.work:work-runtime:2.8.0-alpha02] AndroidManifest.xml:142:25-85
228            </intent-filter>
229        </receiver>
230
231        <service
231-->[androidx.room:room-runtime:2.4.0-rc01] AndroidManifest.xml:25:9-28:40
232            android:name="androidx.room.MultiInstanceInvalidationService"
232-->[androidx.room:room-runtime:2.4.0-rc01] AndroidManifest.xml:26:13-74
233            android:directBootAware="true"
233-->[androidx.room:room-runtime:2.4.0-rc01] AndroidManifest.xml:27:13-43
234            android:exported="false" />
234-->[androidx.room:room-runtime:2.4.0-rc01] AndroidManifest.xml:28:13-37
235
236        <provider
236-->[com.applovin:applovin-sdk:11.8.2] AndroidManifest.xml:26:9-30:39
237            android:name="com.applovin.sdk.AppLovinInitProvider"
237-->[com.applovin:applovin-sdk:11.8.2] AndroidManifest.xml:27:13-65
238            android:authorities="com.animation.helper.applovininitprovider"
238-->[com.applovin:applovin-sdk:11.8.2] AndroidManifest.xml:28:13-72
239            android:exported="false"
239-->[com.applovin:applovin-sdk:11.8.2] AndroidManifest.xml:29:13-37
240            android:initOrder="101" /> <!-- Init order is 101 so we're before Firebase/Google which uses 100 -->
240-->[com.applovin:applovin-sdk:11.8.2] AndroidManifest.xml:30:13-36
241        <activity
241-->[com.applovin:applovin-sdk:11.8.2] AndroidManifest.xml:32:9-38:50
242            android:name="com.applovin.adview.AppLovinFullscreenActivity"
242-->[com.applovin:applovin-sdk:11.8.2] AndroidManifest.xml:33:13-74
243            android:configChanges="fontScale|keyboard|keyboardHidden|locale|orientation|screenLayout|screenSize|smallestScreenSize|uiMode"
243-->[com.applovin:applovin-sdk:11.8.2] AndroidManifest.xml:34:13-139
244            android:exported="false"
244-->[com.applovin:applovin-sdk:11.8.2] AndroidManifest.xml:35:13-37
245            android:hardwareAccelerated="true"
245-->[com.applovin:applovin-sdk:11.8.2] AndroidManifest.xml:36:13-47
246            android:launchMode="singleTop"
246-->[com.applovin:applovin-sdk:11.8.2] AndroidManifest.xml:37:13-43
247            android:screenOrientation="behind" />
247-->[com.applovin:applovin-sdk:11.8.2] AndroidManifest.xml:38:13-47
248        <activity
248-->[com.applovin:applovin-sdk:11.8.2] AndroidManifest.xml:39:9-41:142
249            android:name="com.applovin.sdk.AppLovinWebViewActivity"
249-->[com.applovin:applovin-sdk:11.8.2] AndroidManifest.xml:40:13-68
250            android:configChanges="fontScale|keyboard|keyboardHidden|locale|orientation|screenLayout|screenSize|smallestScreenSize|uiMode" /> <!-- Hybrid Ad Activities -->
250-->[com.applovin:applovin-sdk:11.8.2] AndroidManifest.xml:41:13-139
251        <activity
251-->[com.applovin:applovin-sdk:11.8.2] AndroidManifest.xml:44:9-46:142
252            android:name="com.applovin.mediation.hybridAds.MaxHybridMRecAdActivity"
252-->[com.applovin:applovin-sdk:11.8.2] AndroidManifest.xml:45:13-84
253            android:configChanges="fontScale|keyboard|keyboardHidden|locale|orientation|screenLayout|screenSize|smallestScreenSize|uiMode" />
253-->[com.applovin:applovin-sdk:11.8.2] AndroidManifest.xml:46:13-139
254        <activity
254-->[com.applovin:applovin-sdk:11.8.2] AndroidManifest.xml:47:9-49:142
255            android:name="com.applovin.mediation.hybridAds.MaxHybridNativeAdActivity"
255-->[com.applovin:applovin-sdk:11.8.2] AndroidManifest.xml:48:13-86
256            android:configChanges="fontScale|keyboard|keyboardHidden|locale|orientation|screenLayout|screenSize|smallestScreenSize|uiMode" /> <!-- Mediation Debugger Activities -->
256-->[com.applovin:applovin-sdk:11.8.2] AndroidManifest.xml:49:13-139
257        <activity
257-->[com.applovin:applovin-sdk:11.8.2] AndroidManifest.xml:52:9-55:87
258            android:name="com.applovin.mediation.MaxDebuggerActivity"
258-->[com.applovin:applovin-sdk:11.8.2] AndroidManifest.xml:53:13-70
259            android:configChanges="fontScale|keyboard|keyboardHidden|locale|orientation|screenLayout|screenSize|smallestScreenSize|uiMode"